[2014-04-04 01:59:56] production.ERROR: exception 'PDOException' with message 'SQLSTATE[28000] [1045] Access denied for user 'root'@'localhost' (using password: YES)' in /Applications/AMPPS/www/carercircle/vendor/laravel/framework/src/Illuminate/Database/Connectors/Connector.php:47
Stack trace:
#0 /Applications/AMPPS/www/carercircle/vendor/laravel/framework/src/Illuminate/Database/Connectors/Connector.php(47): PDO->__construct('mysql:host=loca...', 'root', '12091209', Array)
#1 /Applications/AMPPS/www/carercircle/vendor/laravel/framework/src/Illuminate/Database/Connectors/MySqlConnector.php(20): Illuminate\Database\Connectors\Connector->createConnection('mysql:host=loca...', Array, Array)
#2 /Applications/AMPPS/www/carercircle/vendor/laravel/framework/src/Illuminate/Database/Connectors/ConnectionFactory.php(59): Illuminate\Database\Connectors\MySqlConnector->connect(Array)
#3 /Applications/AMPPS/www/carercircle/vendor/laravel/framework/src/Illuminate/Database/Connectors/ConnectionFactory.php(47): Illuminate\Database\Connectors\ConnectionFactory->createSingleConnection(Array)
#4 /Applications/AMPPS/www/carercircle/vendor/laravel/framework/src/Illuminate/Database/DatabaseManager.php(127): Illuminate\Database\Connectors\ConnectionFactory->make(Array, 'mysql')
#5 /Applications/AMPPS/www/carercircle/vendor/laravel/framework/src/Illuminate/Database/DatabaseManager.php(63): Illuminate\Database\DatabaseManager->makeConnection('mysql')
#6 /Applications/AMPPS/www/carercircle/vendor/laravel/framework/src/Illuminate/Database/Migrations/DatabaseMigrationRepository.php(167): Illuminate\Database\DatabaseManager->connection(NULL)
#7 /Applications/AMPPS/www/carercircle/vendor/laravel/framework/src/Illuminate/Database/Migrations/DatabaseMigrationRepository.php(135): Illuminate\Database\Migrations\DatabaseMigrationRepository->getConnection()
#8 /Applications/AMPPS/www/carercircle/vendor/laravel/framework/src/Illuminate/Database/Migrations/Migrator.php(366): Illuminate\Database\Migrations\DatabaseMigrationRepository->repositoryExists()
#9 /Applications/AMPPS/www/carercircle/vendor/laravel/framework/src/Illuminate/Database/Console/Migrations/MigrateCommand.php(93): Illuminate\Database\Migrations\Migrator->repositoryExists()
#10 /Applications/AMPPS/www/carercircle/vendor/laravel/framework/src/Illuminate/Database/Console/Migrations/MigrateCommand.php(56): Illuminate\Database\Console\Migrations\MigrateCommand->prepareDatabase()
#11 /Applications/AMPPS/www/carercircle/vendor/laravel/framework/src/Illuminate/Console/Command.php(108): Illuminate\Database\Console\Migrations\MigrateCommand->fire()
#12 /Applications/AMPPS/www/carercircle/vendor/symfony/console/Symfony/Component/Console/Command/Command.php(241): Illuminate\Console\Command->execute(Object(Symfony\Component\Console\Input\ArgvInput), Object(Symfony\Component\Console\Output\ConsoleOutput))
#13 /Applications/AMPPS/www/carercircle/vendor/laravel/framework/src/Illuminate/Console/Command.php(96): Symfony\Component\Console\Command\Command->run(Object(Symfony\Component\Console\Input\ArgvInput), Object(Symfony\Component\Console\Output\ConsoleOutput))
#14 /Applications/AMPPS/www/carercircle/vendor/symfony/console/Symfony/Component/Console/Application.php(892): Illuminate\Console\Command->run(Object(Symfony\Component\Console\Input\ArgvInput), Object(Symfony\Component\Console\Output\ConsoleOutput))
#15 /Applications/AMPPS/www/carercircle/vendor/symfony/console/Symfony/Component/Console/Application.php(191): Symfony\Component\Console\Application->doRunCommand(Object(Illuminate\Database\Console\Migrations\MigrateCommand), Object(Symfony\Component\Console\Input\ArgvInput), Object(Symfony\Component\Console\Output\ConsoleOutput))
#16 /Applications/AMPPS/www/carercircle/vendor/symfony/console/Symfony/Component/Console/Application.php(121): Symfony\Component\Console\Application->doRun(Object(Symfony\Component\Console\Input\ArgvInput), Object(Symfony\Component\Console\Output\ConsoleOutput))
#17 /Applications/AMPPS/www/carercircle/artisan(59): Symfony\Component\Console\Application->run()
#18 {main} [] []
[2014-04-04 02:00:30] production.ERROR: exception 'PDOException' with message 'SQLSTATE[28000] [1045] Access denied for user 'root'@'localhost' (using password: YES)' in /Applications/AMPPS/www/carercircle/vendor/laravel/framework/src/Illuminate/Database/Connectors/Connector.php:47
Stack trace:
#0 /Applications/AMPPS/www/carercircle/vendor/laravel/framework/src/Illuminate/Database/Connectors/Connector.php(47): PDO->__construct('mysql:host=loca...', 'root', '12091209', Array)
#1 /Applications/AMPPS/www/carercircle/vendor/laravel/framework/src/Illuminate/Database/Connectors/MySqlConnector.php(20): Illuminate\Database\Connectors\Connector->createConnection('mysql:host=loca...', Array, Array)
#2 /Applications/AMPPS/www/carercircle/vendor/laravel/framework/src/Illuminate/Database/Connectors/ConnectionFactory.php(59): Illuminate\Database\Connectors\MySqlConnector->connect(Array)
#3 /Applications/AMPPS/www/carercircle/vendor/laravel/framework/src/Illuminate/Database/Connectors/ConnectionFactory.php(47): Illuminate\Database\Connectors\ConnectionFactory->createSingleConnection(Array)
#4 /Applications/AMPPS/www/carercircle/vendor/laravel/framework/src/Illuminate/Database/DatabaseManager.php(127): Illuminate\Database\Connectors\ConnectionFactory->make(Array, 'mysql')
#5 /Applications/AMPPS/www/carercircle/vendor/laravel/framework/src/Illuminate/Database/DatabaseManager.php(63): Illuminate\Database\DatabaseManager->makeConnection('mysql')
#6 /Applications/AMPPS/www/carercircle/vendor/laravel/framework/src/Illuminate/Database/Migrations/DatabaseMigrationRepository.php(167): Illuminate\Database\DatabaseManager->connection(NULL)
#7 /Applications/AMPPS/www/carercircle/vendor/laravel/framework/src/Illuminate/Database/Migrations/DatabaseMigrationRepository.php(135): Illuminate\Database\Migrations\DatabaseMigrationRepository->getConnection()
#8 /Applications/AMPPS/www/carercircle/vendor/laravel/framework/src/Illuminate/Database/Migrations/Migrator.php(366): Illuminate\Database\Migrations\DatabaseMigrationRepository->repositoryExists()
#9 /Applications/AMPPS/www/carercircle/vendor/laravel/framework/src/Illuminate/Database/Console/Migrations/MigrateCommand.php(93): Illuminate\Database\Migrations\Migrator->repositoryExists()
#10 /Applications/AMPPS/www/carercircle/vendor/laravel/framework/src/Illuminate/Database/Console/Migrations/MigrateCommand.php(56): Illuminate\Database\Console\Migrations\MigrateCommand->prepareDatabase()
#11 /Applications/AMPPS/www/carercircle/vendor/laravel/framework/src/Illuminate/Console/Command.php(108): Illuminate\Database\Console\Migrations\MigrateCommand->fire()
#12 /Applications/AMPPS/www/carercircle/vendor/symfony/console/Symfony/Component/Console/Command/Command.php(241): Illuminate\Console\Command->execute(Object(Symfony\Component\Console\Input\ArgvInput), Object(Symfony\Component\Console\Output\ConsoleOutput))
#13 /Applications/AMPPS/www/carercircle/vendor/laravel/framework/src/Illuminate/Console/Command.php(96): Symfony\Component\Console\Command\Command->run(Object(Symfony\Component\Console\Input\ArgvInput), Object(Symfony\Component\Console\Output\ConsoleOutput))
#14 /Applications/AMPPS/www/carercircle/vendor/symfony/console/Symfony/Component/Console/Application.php(892): Illuminate\Console\Command->run(Object(Symfony\Component\Console\Input\ArgvInput), Object(Symfony\Component\Console\Output\ConsoleOutput))
#15 /Applications/AMPPS/www/carercircle/vendor/symfony/console/Symfony/Component/Console/Application.php(191): Symfony\Component\Console\Application->doRunCommand(Object(Illuminate\Database\Console\Migrations\MigrateCommand), Object(Symfony\Component\Console\Input\ArgvInput), Object(Symfony\Component\Console\Output\ConsoleOutput))
#16 /Applications/AMPPS/www/carercircle/vendor/symfony/console/Symfony/Component/Console/Application.php(121): Symfony\Component\Console\Application->doRun(Object(Symfony\Component\Console\Input\ArgvInput), Object(Symfony\Component\Console\Output\ConsoleOutput))
#17 /Applications/AMPPS/www/carercircle/artisan(59): Symfony\Component\Console\Application->run()
#18 {main} [] []
